#
# There is insufficient memory for the Java Runtime Environment to continue.
# Native memory allocation (malloc) failed to allocate 988816 bytes for Chunk::new
# Possible reasons:
#   The system is out of physical RAM or swap space
#   The process is running with CompressedOops enabled, and the Java Heap may be blocking the growth of the native heap
# Possible solutions:
#   Reduce memory load on the system
#   Increase physical memory or swap space
#   Check if swap backing store is full
#   Decrease Java heap size (-Xmx/-Xms)
#   Decrease number of Java threads
#   Decrease Java thread stack sizes (-Xss)
#   Set larger code cache with -XX:ReservedCodeCacheSize=
#   JVM is running with Unscaled Compressed Oops mode in which the Java heap is
#     placed in the first 4GB address space. The Java Heap base address is the
#     maximum limit for the native heap growth. Please use -XX:HeapBaseMinAddress
#     to set the Java Heap base and to place the Java Heap above 4GB virtual address.
# This output file may be truncated or incomplete.
#
#  Out of Memory Error (allocation.cpp:389), pid=1344, tid=0x0000000000000ff8
#
# JRE version: OpenJDK Runtime Environment (8.0_242-b01) (build 1.8.0_242-release-1644-b01)
# Java VM: OpenJDK 64-Bit Server VM (25.242-b01 mixed mode windows-amd64 compressed oops)
# Failed to write core dump. Minidumps are not enabled by default on client versions of Windows
#

---------------  T H R E A D  ---------------

Current thread (0x000000001763a000):  JavaThread "C2 CompilerThread0" daemon [_thread_in_native, id=4088, stack(0x0000000018ca0000,0x0000000018da0000)]

Stack: [0x0000000018ca0000,0x0000000018da0000]
[error occurred during error reporting (printing stack bounds), id 0xc0000005]

Native frames: (J=compiled Java code, j=interpreted, Vv=VM code, C=native code)


Current CompileTask:
C2:2113038 14373       4       com.android.utils.XmlUtils::append (639 bytes)


---------------  P R O C E S S  ---------------

Java Threads: ( => current thread )
  0x000000001f643800 JavaThread "Cache worker for execution history cache (C:\Users\Nikolay\Documents\Android\DevTestHH\.gradle\6.5\executionHistory)" [_thread_blocked, id=4320, stack(0x000000002dcb0000,0x000000002ddb0000)]
  0x000000001f63c000 JavaThread "Execution worker for ':' Thread 3" [_thread_blocked, id=16652, stack(0x000000002dbb0000,0x000000002dcb0000)]
  0x000000001f643000 JavaThread "Execution worker for ':' Thread 2" [_thread_blocked, id=15352, stack(0x000000002c810000,0x000000002c910000)]
  0x000000001f642000 JavaThread "Execution worker for ':'" [_thread_in_Java, id=7236, stack(0x000000002c510000,0x000000002c610000)]
  0x000000001f640800 JavaThread "Cache worker for file content cache (C:\Users\Nikolay\Documents\Android\DevTestHH\.gradle\6.5\fileContent)" [_thread_blocked, id=15840, stack(0x000000002abc0000,0x000000002acc0000)]
  0x000000001f63d800 JavaThread "Cache worker for Build Output Cleanup Cache (C:\Users\Nikolay\Documents\Android\DevTestHH\.gradle\buildOutputCleanup)" [_thread_blocked, id=14052, stack(0x000000002aac0000,0x000000002abc0000)]
  0x000000001e2bc000 JavaThread "jar transforms Thread 342" [_thread_blocked, id=16988, stack(0x000000002a9c0000,0x000000002aac0000)]
  0x000000001e2ba800 JavaThread "jar transforms Thread 341" [_thread_blocked, id=17160, stack(0x000000002a8c0000,0x000000002a9c0000)]
  0x000000001e2bb800 JavaThread "jar transforms Thread 340" [_thread_blocked, id=6916, stack(0x000000002a7c0000,0x000000002a8c0000)]
  0x000000001e2ba000 JavaThread "jar transforms Thread 339" [_thread_blocked, id=13404, stack(0x000000002a6c0000,0x000000002a7c0000)]
  0x000000001e2b2800 JavaThread "jar transforms Thread 338" [_thread_blocked, id=12636, stack(0x000000002a5c0000,0x000000002a6c0000)]
  0x000000001e2b9000 JavaThread "jar transforms Thread 337" [_thread_blocked, id=10076, stack(0x000000002a4c0000,0x000000002a5c0000)]
  0x000000001e2b8800 JavaThread "jar transforms Thread 336" [_thread_blocked, id=16508, stack(0x000000002a3c0000,0x000000002a4c0000)]
  0x000000001e2b7000 JavaThread "jar transforms Thread 335" [_thread_blocked, id=14192, stack(0x000000002a2c0000,0x000000002a3c0000)]
  0x000000001e2b7800 JavaThread "jar transforms Thread 334" [_thread_blocked, id=15972, stack(0x000000002a1c0000,0x000000002a2c0000)]
  0x000000001e2b6000 JavaThread "jar transforms Thread 333" [_thread_blocked, id=8040, stack(0x000000002a0c0000,0x000000002a1c0000)]
  0x000000001e2ae800 JavaThread "jar transforms Thread 332" [_thread_blocked, id=12984, stack(0x0000000029fc0000,0x000000002a0c0000)]
  0x000000001e2b0000 JavaThread "jar transforms Thread 331" [_thread_blocked, id=14028, stack(0x0000000029ec0000,0x0000000029fc0000)]
  0x000000001e2b5800 JavaThread "jar transforms Thread 330" [_thread_blocked, id=14108, stack(0x0000000029dc0000,0x0000000029ec0000)]
  0x000000001e2ae000 JavaThread "jar transforms Thread 329" [_thread_blocked, id=12020, stack(0x0000000029cc0000,0x0000000029dc0000)]
  0x000000001e2b4800 JavaThread "jar transforms Thread 328" [_thread_blocked, id=14716, stack(0x0000000029bc0000,0x0000000029cc0000)]
  0x000000001e2b1000 JavaThread "jar transforms Thread 327" [_thread_blocked, id=10864, stack(0x0000000029ac0000,0x0000000029bc0000)]
  0x000000001e2af800 JavaThread "jar transforms Thread 326" [_thread_blocked, id=11012, stack(0x00000000299c0000,0x0000000029ac0000)]
  0x000000001e2b3000 JavaThread "jar transforms Thread 325" [_thread_blocked, id=15772, stack(0x00000000298c0000,0x00000000299c0000)]
  0x000000001e2b4000 JavaThread "jar transforms Thread 324" [_thread_blocked, id=10884, stack(0x00000000297c0000,0x00000000298c0000)]
  0x000000001e2ad000 JavaThread "jar transforms Thread 323" [_thread_blocked, id=14544, stack(0x00000000296c0000,0x00000000297c0000)]
  0x000000001e2b1800 JavaThread "jar transforms Thread 322" [_thread_blocked, id=6348, stack(0x00000000295c0000,0x00000000296c0000)]
  0x000000001b0fd000 JavaThread "jar transforms Thread 321" [_thread_blocked, id=16296, stack(0x00000000294c0000,0x00000000295c0000)]
  0x000000001b0fc800 JavaThread "jar transforms Thread 320" [_thread_blocked, id=8124, stack(0x00000000293c0000,0x00000000294c0000)]
  0x000000001b0fb000 JavaThread "jar transforms Thread 319" [_thread_blocked, id=5248, stack(0x00000000292c0000,0x00000000293c0000)]
  0x000000001b0f6800 JavaThread "jar transforms Thread 318" [_thread_blocked, id=2476, stack(0x00000000291c0000,0x00000000292c0000)]
  0x000000001b0fa000 JavaThread "jar transforms Thread 317" [_thread_blocked, id=2392, stack(0x00000000290c0000,0x00000000291c0000)]
  0x000000001b0f9800 JavaThread "jar transforms Thread 316" [_thread_blocked, id=14312, stack(0x0000000028fc0000,0x00000000290c0000)]
  0x000000001b0f7000 JavaThread "jar transforms Thread 315" [_thread_blocked, id=6384, stack(0x0000000028ec0000,0x0000000028fc0000)]
  0x000000002085c000 JavaThread "jar transforms Thread 314" [_thread_blocked, id=5588, stack(0x0000000028dc0000,0x0000000028ec0000)]
  0x000000002085b800 JavaThread "jar transforms Thread 313" [_thread_blocked, id=15012, stack(0x0000000028cc0000,0x0000000028dc0000)]
  0x000000002085a800 JavaThread "jar transforms Thread 312" [_thread_blocked, id=16464, stack(0x0000000028bc0000,0x0000000028cc0000)]
  0x0000000020859000 JavaThread "jar transforms Thread 311" [_thread_blocked, id=9324, stack(0x0000000028ac0000,0x0000000028bc0000)]
  0x0000000020858000 JavaThread "jar transforms Thread 310" [_thread_blocked, id=3820, stack(0x00000000289c0000,0x0000000028ac0000)]
  0x0000000020856800 JavaThread "jar transforms Thread 309" [_thread_blocked, id=7124, stack(0x00000000288c0000,0x00000000289c0000)]
  0x000000002085a000 JavaThread "jar transforms Thread 308" [_thread_blocked, id=1620, stack(0x00000000287c0000,0x00000000288c0000)]
  0x000000002085d000 JavaThread "jar transforms Thread 307" [_thread_blocked, id=13128, stack(0x00000000286c0000,0x00000000287c0000)]
  0x000000001b8fc000 JavaThread "jar transforms Thread 306" [_thread_blocked, id=13696, stack(0x00000000285c0000,0x00000000286c0000)]
  0x000000001b8fd800 JavaThread "jar transforms Thread 305" [_thread_blocked, id=16016, stack(0x00000000284c0000,0x00000000285c0000)]
  0x000000001b8fb000 JavaThread "jar transforms Thread 304" [_thread_blocked, id=12368, stack(0x00000000283c0000,0x00000000284c0000)]
  0x000000001b8fa800 JavaThread "jar transforms Thread 303" [_thread_blocked, id=12652, stack(0x00000000282c0000,0x00000000283c0000)]
  0x000000001b8f9800 JavaThread "jar transforms Thread 302" [_thread_blocked, id=11824, stack(0x00000000281c0000,0x00000000282c0000)]
  0x000000001b8fc800 JavaThread "jar transforms Thread 301" [_thread_blocked, id=14080, stack(0x00000000280c0000,0x00000000281c0000)]
  0x000000001b8f9000 JavaThread "jar transforms Thread 300" [_thread_blocked, id=13572, stack(0x0000000027fc0000,0x00000000280c0000)]
  0x000000001b8f8000 JavaThread "jar transforms Thread 299" [_thread_blocked, id=17248, stack(0x0000000027ec0000,0x0000000027fc0000)]
  0x000000001b8f7800 JavaThread "jar transforms Thread 298" [_thread_blocked, id=14340, stack(0x0000000027dc0000,0x0000000027ec0000)]
  0x000000001b8f0800 JavaThread "jar transforms Thread 297" [_thread_blocked, id=14396, stack(0x0000000027cc0000,0x0000000027dc0000)]
  0x000000001b8f0000 JavaThread "jar transforms Thread 296" [_thread_blocked, id=13688, stack(0x0000000027bc0000,0x0000000027cc0000)]
  0x000000001b8f6800 JavaThread "jar transforms Thread 295" [_thread_blocked, id=4372, stack(0x0000000027ac0000,0x0000000027bc0000)]
  0x000000001b8f3800 JavaThread "jar transforms Thread 294" [_thread_blocked, id=9152, stack(0x00000000279c0000,0x0000000027ac0000)]
  0x000000001b8f6000 JavaThread "jar transforms Thread 293" [_thread_blocked, id=11108, stack(0x00000000278c0000,0x00000000279c0000)]
  0x000000001b8ee800 JavaThread "jar transforms Thread 292" [_thread_blocked, id=1716, stack(0x00000000277c0000,0x00000000278c0000)]
  0x000000001b8f5000 JavaThread "jar transforms Thread 291" [_thread_blocked, id=13212, stack(0x00000000276c0000,0x00000000277c0000)]
  0x000000001b8f2000 JavaThread "jar transforms Thread 290" [_thread_blocked, id=8168, stack(0x00000000275c0000,0x00000000276c0000)]
  0x000000001b696800 JavaThread "jar transforms Thread 289" [_thread_blocked, id=16568, stack(0x00000000274c0000,0x00000000275c0000)]
  0x000000001b695800 JavaThread "jar transforms Thread 288" [_thread_blocked, id=17192, stack(0x00000000273c0000,0x00000000274c0000)]
  0x000000001b698000 JavaThread "jar transforms Thread 287" [_thread_blocked, id=16520, stack(0x00000000272c0000,0x00000000273c0000)]
  0x000000001b694000 JavaThread "jar transforms Thread 286" [_thread_blocked, id=12608, stack(0x00000000271c0000,0x00000000272c0000)]
  0x000000001b693800 JavaThread "jar transforms Thread 285" [_thread_blocked, id=5880, stack(0x00000000270c0000,0x00000000271c0000)]
  0x000000001b68c000 JavaThread "jar transforms Thread 284" [_thread_blocked, id=16940, stack(0x0000000026fc0000,0x00000000270c0000)]
  0x000000001b692000 JavaThread "jar transforms Thread 283" [_thread_blocked, id=16468, stack(0x0000000026ec0000,0x0000000026fc0000)]
  0x000000001b68a800 JavaThread "jar transforms Thread 282" [_thread_blocked, id=13088, stack(0x0000000026dc0000,0x0000000026ec0000)]
  0x000000001b691000 JavaThread "jar transforms Thread 281" [_thread_blocked, id=5688, stack(0x0000000026cc0000,0x0000000026dc0000)]
  0x000000001b689800 JavaThread "jar transforms Thread 280" [_thread_blocked, id=10236, stack(0x0000000026bc0000,0x0000000026cc0000)]
  0x000000001b68c800 JavaThread "jar transforms Thread 279" [_thread_blocked, id=15404, stack(0x0000000026ac0000,0x0000000026bc0000)]
  0x000000001b68e000 JavaThread "jar transforms Thread 278" [_thread_blocked, id=4800, stack(0x00000000269c0000,0x0000000026ac0000)]
  0x000000001b68b000 JavaThread "jar transforms Thread 277" [_thread_blocked, id=15220, stack(0x00000000268c0000,0x00000000269c0000)]
  0x000000001b690800 JavaThread "jar transforms Thread 276" [_thread_blocked, id=11280, stack(0x00000000267c0000,0x00000000268c0000)]
  0x000000001b689000 JavaThread "jar transforms Thread 275" [_thread_blocked, id=13240, stack(0x00000000266c0000,0x00000000267c0000)]
  0x000000001b68d800 JavaThread "jar transforms Thread 274" [_thread_blocked, id=13244, stack(0x00000000265c0000,0x00000000266c0000)]
  0x000000001b68f800 JavaThread "jar transforms Thread 273" [_thread_blocked, id=3128, stack(0x00000000264c0000,0x00000000265c0000)]
  0x000000001b68f000 JavaThread "jar transforms Thread 272" [_thread_blocked, id=17164, stack(0x00000000263c0000,0x00000000264c0000)]
  0x0000000020fbd800 JavaThread "jar transforms Thread 271" [_thread_blocked, id=8372, stack(0x00000000262c0000,0x00000000263c0000)]
  0x0000000020fbe800 JavaThread "jar transforms Thread 270" [_thread_blocked, id=16456, stack(0x00000000261c0000,0x00000000262c0000)]
  0x0000000020fc1800 JavaThread "jar transforms Thread 269" [_thread_blocked, id=1980, stack(0x00000000260c0000,0x00000000261c0000)]
  0x0000000020fbf000 JavaThread "jar transforms Thread 268" [_thread_blocked, id=8424, stack(0x0000000025fc0000,0x00000000260c0000)]
  0x0000000020fc2000 JavaThread "jar transforms Thread 267" [_thread_blocked, id=16528, stack(0x0000000025ec0000,0x0000000025fc0000)]
  0x0000000020fbc000 JavaThread "jar transforms Thread 266" [_thread_blocked, id=14676, stack(0x0000000025dc0000,0x0000000025ec0000)]
  0x0000000020fc0000 JavaThread "jar transforms Thread 265" [_thread_blocked, id=16612, stack(0x0000000025cc0000,0x0000000025dc0000)]
  0x0000000020fc0800 JavaThread "jar transforms Thread 264" [_thread_blocked, id=16620, stack(0x0000000025bc0000,0x0000000025cc0000)]
  0x0000000020fbd000 JavaThread "jar transforms Thread 263" [_thread_blocked, id=13668, stack(0x0000000025ac0000,0x0000000025bc0000)]
  0x0000000020fb4800 JavaThread "jar transforms Thread 262" [_thread_blocked, id=17148, stack(0x00000000259c0000,0x0000000025ac0000)]
  0x0000000020fbb800 JavaThread "jar transforms Thread 261" [_thread_blocked, id=16640, stack(0x00000000258c0000,0x00000000259c0000)]
  0x0000000020fba800 JavaThread "jar transforms Thread 260" [_thread_blocked, id=10048, stack(0x00000000257c0000,0x00000000258c0000)]
  0x0000000020fba000 JavaThread "jar transforms Thread 259" [_thread_blocked, id=16588, stack(0x00000000256c0000,0x00000000257c0000)]
  0x0000000020fb7800 JavaThread "jar transforms Thread 258" [_thread_blocked, id=10364, stack(0x00000000255c0000,0x00000000256c0000)]
  0x0000000020fb6800 JavaThread "jar transforms Thread 257" [_thread_blocked, id=10080, stack(0x00000000254c0000,0x00000000255c0000)]
  0x0000000020fb3800 JavaThread "jar transforms Thread 256" [_thread_blocked, id=16044, stack(0x00000000253c0000,0x00000000254c0000)]
  0x0000000020fb9000 JavaThread "jar transforms Thread 255" [_thread_blocked, id=16240, stack(0x00000000252c0000,0x00000000253c0000)]
  0x0000000020fb6000 JavaThread "jar transforms Thread 254" [_thread_blocked, id=16596, stack(0x00000000251c0000,0x00000000252c0000)]
  0x0000000020fb8800 JavaThread "jar transforms Thread 253" [_thread_blocked, id=10316, stack(0x00000000250c0000,0x00000000251c0000)]
  0x000000002078f000 JavaThread "jar transforms Thread 252" [_thread_blocked, id=8872, stack(0x0000000024fc0000,0x00000000250c0000)]
  0x000000002078e800 JavaThread "jar transforms Thread 251" [_thread_blocked, id=14740, stack(0x0000000024ec0000,0x0000000024fc0000)]
  0x000000002078d800 JavaThread "jar transforms Thread 250" [_thread_blocked, id=5800, stack(0x0000000024dc0000,0x0000000024ec0000)]
  0x0000000020790800 JavaThread "jar transforms Thread 249" [_thread_blocked, id=14872, stack(0x0000000024cc0000,0x0000000024dc0000)]
  0x000000002078d000 JavaThread "jar transforms Thread 248" [_thread_blocked, id=2584, stack(0x0000000024bc0000,0x0000000024cc0000)]
  0x000000002078c000 JavaThread "jar transforms Thread 247" [_thread_blocked, id=2780, stack(0x0000000024ac0000,0x0000000024bc0000)]
  0x000000002078b800 JavaThread "jar transforms Thread 246" [_thread_blocked, id=7100, stack(0x0000000022d80000,0x0000000022e80000)]
  0x0000000020792000 JavaThread "jar transforms Thread 245" [_thread_blocked, id=16460, stack(0x0000000022480000,0x0000000022580000)]
  0x0000000020791800 JavaThread "jar transforms Thread 244" [_thread_blocked, id=7448, stack(0x0000000022380000,0x0000000022480000)]
  0x0000000020784000 JavaThread "jar transforms Thread 243" [_thread_blocked, id=11120, stack(0x0000000022280000,0x0000000022380000)]
  0x0000000020784800 JavaThread "jar transforms Thread 242" [_thread_blocked, id=11364, stack(0x0000000021f80000,0x0000000022080000)]
  0x000000002078a800 JavaThread "jar transforms Thread 241" [_thread_blocked, id=9768, stack(0x0000000021e80000,0x0000000021f80000)]
  0x000000002078a000 JavaThread "jar transforms Thread 240" [_thread_blocked, id=15868, stack(0x0000000021d80000,0x0000000021e80000)]
  0x0000000020787800 JavaThread "jar transforms Thread 239" [_thread_blocked, id=14292, stack(0x0000000021c80000,0x0000000021d80000)]
  0x0000000020783000 JavaThread "jar transforms Thread 238" [_thread_blocked, id=4264, stack(0x0000000021b80000,0x0000000021c80000)]
  0x0000000020786000 JavaThread "jar transforms Thread 237" [_thread_blocked, id=12736, stack(0x0000000021a80000,0x0000000021b80000)]
  0x0000000020788800 JavaThread "jar transforms Thread 236" [_thread_blocked, id=14124, stack(0x0000000021980000,0x0000000021a80000)]
  0x0000000020785800 JavaThread "jar transforms Thread 235" [_thread_blocked, id=17080, stack(0x0000000021880000,0x0000000021980000)]
  0x0000000020789000 JavaThread "jar transforms Thread 234" [_thread_blocked, id=6344, stack(0x0000000021780000,0x0000000021880000)]
  0x0000000020787000 JavaThread "jar transforms Thread 233" [_thread_blocked, id=17204, stack(0x0000000021680000,0x0000000021780000)]
  0x000000001d8a4800 JavaThread "jar transforms Thread 232" [_thread_blocked, id=14092, stack(0x0000000021580000,0x0000000021680000)]
  0x000000001d8a3800 JavaThread "jar transforms Thread 231" [_thread_blocked, id=16328, stack(0x0000000021480000,0x0000000021580000)]
  0x000000001d8aa800 JavaThread "jar transforms Thread 230" [_thread_blocked, id=10800, stack(0x0000000020170000,0x0000000020270000)]
  0x000000001d8a3000 JavaThread "jar transforms Thread 229" [_thread_blocked, id=13048, stack(0x0000000020070000,0x0000000020170000)]
  0x000000001d8a9800 JavaThread "Build operations Thread 4" [_thread_blocked, id=15704, stack(0x000000001ff70000,0x0000000020070000)]
  0x000000001d8a9000 JavaThread "Build operations Thread 3" [_thread_blocked, id=12668, stack(0x000000001fe70000,0x000000001ff70000)]
  0x000000001d8a8000 JavaThread "Build operations Thread 2" [_thread_blocked, id=13996, stack(0x000000001fd70000,0x000000001fe70000)]
  0x000000001d8a7800 JavaThread "Build operations" [_thread_blocked, id=7884, stack(0x000000001fc70000,0x000000001fd70000)]
  0x000000001d8a6000 JavaThread "Cache worker for cache directory md-rule (C:\Users\Nikolay\.gradle\caches\6.5\md-rule)" [_thread_blocked, id=6776, stack(0x000000001fb70000,0x000000001fc70000)]
  0x000000001d8a6800 JavaThread "Cache worker for cache directory md-supplier (C:\Users\Nikolay\.gradle\caches\6.5\md-supplier)" [_thread_blocked, id=15496, stack(0x000000001fa70000,0x000000001fb70000)]
  0x000000001d89f000 JavaThread "Cache worker for checksums cache (C:\Users\Nikolay\Documents\Android\DevTestHH\.gradle\checksums)" [_thread_blocked, id=9752, stack(0x000000001f970000,0x000000001fa70000)]
  0x000000001d8a5000 JavaThread "Cache worker for file hash cache (C:\Users\Nikolay\Documents\Android\DevTestHH\.gradle\6.5\fileHashes)" [_thread_blocked, id=16040, stack(0x000000001d0d0000,0x000000001d1d0000)]
  0x000000001d89b000 JavaThread "Thread-300" [_thread_blocked, id=13620, stack(0x000000001cbd0000,0x000000001ccd0000)]
  0x000000001d89c800 JavaThread "Stdin handler" [_thread_blocked, id=1840, stack(0x000000001cad0000,0x000000001cbd0000)]
  0x000000001d89d800 JavaThread "Asynchronous log dispatcher for DefaultDaemonConnection: socket connection from /127.0.0.1:13890 to /127.0.0.1:14504" [_thread_blocked, id=8476, stack(0x000000001c480000,0x000000001c580000)]
  0x000000001d8a2000 JavaThread "Daemon worker Thread 3" [_thread_blocked, id=15344, stack(0x000000001c380000,0x000000001c480000)]
  0x000000001d89e000 JavaThread "Cancel handler" [_thread_blocked, id=16140, stack(0x0000000000e00000,0x0000000000f00000)]
  0x000000001d8a1000 JavaThread "Handler for socket connection from /127.0.0.1:13890 to /127.0.0.1:14504" [_thread_in_native, id=12672, stack(0x0000000000d00000,0x0000000000e00000)]
  0x000000001d8a0800 JavaThread "Daemon Thread 3" [_thread_blocked, id=14796, stack(0x0000000000c00000,0x0000000000d00000)]
  0x0000000020857800 JavaThread "Memory manager" [_thread_blocked, id=12776, stack(0x000000002adc0000,0x000000002aec0000)]
  0x000000001b697000 JavaThread "Cache worker for file content cache (C:\Users\Nikolay\.gradle\caches\6.5\fileContent)" [_thread_blocked, id=14084, stack(0x0000000022c80000,0x0000000022d80000)]
  0x000000001b692800 JavaThread "Cache worker for execution history cache (C:\Users\Nikolay\.gradle\caches\6.5\executionHistory)" [_thread_blocked, id=16704, stack(0x0000000022780000,0x0000000022880000)]
  0x000000001b0fb800 JavaThread "Cache worker for file hash cache (C:\Users\Nikolay\.gradle\caches\6.5\fileHashes)" [_thread_blocked, id=16952, stack(0x000000001d6d0000,0x000000001d7d0000)]
  0x000000001b0f8000 JavaThread "File lock request listener" [_thread_in_native, id=16976, stack(0x000000001d5d0000,0x000000001d6d0000)]
  0x000000001b0f8800 JavaThread "Cache worker for journal cache (C:\Users\Nikolay\.gradle\caches\journal-1)" [_thread_blocked, id=16928, stack(0x000000001d3d0000,0x000000001d4d0000)]
  0x000000001ae4c800 JavaThread "Daemon periodic checks" [_thread_blocked, id=1636, stack(0x000000001c7d0000,0x000000001c8d0000)]
  0x000000001ae55000 JavaThread "Incoming local TCP Connector on port 13890" [_thread_in_native, id=16444, stack(0x000000001c580000,0x000000001c680000)]
  0x0000000019364800 JavaThread "Daemon health stats" [_thread_blocked, id=15776, stack(0x000000001bf40000,0x000000001c040000)]
  0x0000000018fda800 JavaThread "Service Thread" daemon [_thread_blocked, id=15544, stack(0x00000000193a0000,0x00000000194a0000)]
  0x000000001764c000 JavaThread "C1 CompilerThread2" daemon [_thread_blocked, id=12300, stack(0x0000000018ea0000,0x0000000018fa0000)]
  0x000000001763e000 JavaThread "C2 CompilerThread1" daemon [_thread_in_native, id=16312, stack(0x0000000018da0000,0x0000000018ea0000)]
=>0x000000001763a000 JavaThread "C2 CompilerThread0" daemon [_thread_in_native, id=4088, stack(0x0000000018ca0000,0x0000000018da0000)]
  0x0000000017638800 JavaThread "Attach Listener" daemon [_thread_blocked, id=1172, stack(0x0000000018ba0000,0x0000000018ca0000)]
  0x0000000017635800 JavaThread "Signal Dispatcher" daemon [_thread_blocked, id=12272, stack(0x0000000018aa0000,0x0000000018ba0000)]
  0x0000000002a0c000 JavaThread "Finalizer" daemon [_thread_blocked, id=15120, stack(0x0000000018890000,0x0000000018990000)]
  0x0000000017619000 JavaThread "Reference Handler" daemon [_thread_blocked, id=17292, stack(0x0000000018790000,0x0000000018890000)]
  0x0000000002912800 JavaThread "main" [_thread_blocked, id=14156, stack(0x0000000002800000,0x0000000002900000)]

Other Threads:
  0x00000000175f7000 VMThread [stack: 0x0000000018690000,0x0000000018790000] [id=11628]
  0x000000001768d800 WatcherThread [stack: 0x00000000194a0000,0x00000000195a0000] [id=6488]

VM state:not at safepoint (normal execution)

VM Mutex/Monitor currently owned by a thread: None

heap address: 0x0000000080000000, size: 2048 MB, Compressed Oops mode: 32-bit
Narrow klass base: 0x0000000000000000, Narrow klass shift: 3
Compressed class space size: 1073741824 Address: 0x0000000100000000

Heap:
 PSYoungGen      total 255488K, used 56858K [0x00000000d5580000, 0x00000000e8b80000, 0x0000000100000000)
  eden space 225792K, 25% used [0x00000000d5580000,0x00000000d8d06ac0,0x00000000e3200000)
  from space 29696K, 0% used [0x00000000e4f80000,0x00000000e4f80000,0x00000000e6c80000)
  to   space 30208K, 0% used [0x00000000e3200000,0x00000000e3200000,0x00000000e4f80000)
 ParOldGen       total 198656K, used 57449K [0x0000000080000000, 0x000000008c200000, 0x00000000d5580000)
  object space 198656K, 28% used [0x0000000080000000,0x000000008381a530,0x000000008c200000)
 Metaspace       used 92227K, capacity 95730K, committed 98764K, reserved 1134592K
  class space    used 12063K, capacity 12812K, committed 13440K, reserved 1048576K

Card table byte_map: [0x0000000011dd0000,0x00000000121e0000] byte_map_base: 0x00000000119d0000

Marking Bits: (ParMarkBitMap*) 0x00000000774cf030
 Begin Bits: [0x0000000012890000, 0x0000000014890000)
 End Bits:   [0x0000000014890000, 0x0000000016890000)

Polling page: 0x0000000000af0000

CodeCache: size=245760Kb used=39866Kb max_used=39903Kb free=205894Kb
 bounds [0x0000000002a10000, 0x0000000005140000, 0x0000000011a10000]
 total_blobs=13071 nmethods=12205 adapters=776
 compilation: enabled

Compilation events (10 events):
Event: 2112.755 Thread 0x000000001763e000 nmethod 14357 0x00000000051192d0 code [0x00000000051194e0, 0x000000000511a260]
Event: 2112.755 Thread 0x000000001763e000 14369 %     4       com.android.utils.XmlUtils::toXmlAttributeValue @ 7 (89 bytes)
Event: 2112.775 Thread 0x000000001763e000 nmethod 14369% 0x0000000005117410 code [0x0000000005117580, 0x0000000005117a98]
Event: 2112.775 Thread 0x000000001763e000 14360       4       com.android.ide.common.resources.NodeUtils::duplicateNode (315 bytes)
Event: 2112.815 Thread 0x000000001763a000 nmethod 14298 0x0000000005124410 code [0x0000000005124ba0, 0x000000000512bff8]
Event: 2112.815 Thread 0x000000001763a000 14370       4       com.android.utils.XmlUtils::toXmlAttributeValue (89 bytes)
Event: 2112.824 Thread 0x000000001763a000 nmethod 14370 0x0000000005112950 code [0x0000000005112ac0, 0x0000000005112f58]
Event: 2112.824 Thread 0x000000001763a000 14372       4       com.android.utils.XmlUtils::toXmlTextValue (65 bytes)
Event: 2112.828 Thread 0x000000001763a000 nmethod 14372 0x0000000005116f10 code [0x0000000005117060, 0x0000000005117278]
Event: 2112.828 Thread 0x000000001763a000 14373       4       com.android.utils.XmlUtils::append (639 bytes)

GC Heap History (10 events):
Event: 26.165 GC heap before
{Heap before GC invocations=18 (full 3):
 PSYoungGen      total 218624K, used 218616K [0x00000000d5580000, 0x00000000e4900000, 0x0000000100000000)
  eden space 198656K, 100% used [0x00000000d5580000,0x00000000e1780000,0x00000000e1780000)
  from space 19968K, 99% used [0x00000000e2f00000,0x00000000e427e198,0x00000000e4280000)
  to   space 24064K, 0% used [0x00000000e1780000,0x00000000e1780000,0x00000000e2f00000)
 ParOldGen       total 131072K, used 36717K [0x0000000080000000, 0x0000000088000000, 0x00000000d5580000)
  object space 131072K, 28% used [0x0000000080000000,0x00000000823db4c0,0x0000000088000000)
 Metaspace       used 85179K, capacity 89226K, committed 89432K, reserved 1126400K
  class space    used 11513K, capacity 12304K, committed 12416K, reserved 1048576K
Event: 26.209 GC heap after
Heap after GC invocations=18 (full 3):
 PSYoungGen      total 222720K, used 19041K [0x00000000d5580000, 0x00000000e7200000, 0x0000000100000000)
  eden space 198656K, 0% used [0x00000000d5580000,0x00000000d5580000,0x00000000e1780000)
  from space 24064K, 79% used [0x00000000e1780000,0x00000000e2a18598,0x00000000e2f00000)
  to   space 25600K, 0% used [0x00000000e5900000,0x00000000e5900000,0x00000000e7200000)
 ParOldGen       total 131072K, used 54279K [0x0000000080000000, 0x0000000088000000, 0x00000000d5580000)
  object space 131072K, 41% used [0x0000000080000000,0x0000000083501fa0,0x0000000088000000)
 Metaspace       used 85179K, capacity 89226K, committed 89432K, reserved 1126400K
  class space    used 11513K, capacity 12304K, committed 12416K, reserved 1048576K
}
Event: 60.237 GC heap before
{Heap before GC invocations=19 (full 3):
 PSYoungGen      total 222720K, used 217697K [0x00000000d5580000, 0x00000000e7200000, 0x0000000100000000)
  eden space 198656K, 100% used [0x00000000d5580000,0x00000000e1780000,0x00000000e1780000)
  from space 24064K, 79% used [0x00000000e1780000,0x00000000e2a18598,0x00000000e2f00000)
  to   space 25600K, 0% used [0x00000000e5900000,0x00000000e5900000,0x00000000e7200000)
 ParOldGen       total 131072K, used 54279K [0x0000000080000000, 0x0000000088000000, 0x00000000d5580000)
  object space 131072K, 41% used [0x0000000080000000,0x0000000083501fa0,0x0000000088000000)
 Metaspace       used 91468K, capacity 96116K, committed 96344K, reserved 1132544K
  class space    used 12151K, capacity 13075K, committed 13184K, reserved 1048576K
Event: 60.346 GC heap after
Heap after GC invocations=19 (full 3):
 PSYoungGen      total 260096K, used 25592K [0x00000000d5580000, 0x00000000e7580000, 0x0000000100000000)
  eden space 234496K, 0% used [0x00000000d5580000,0x00000000d5580000,0x00000000e3a80000)
  from space 25600K, 99% used [0x00000000e5900000,0x00000000e71fe110,0x00000000e7200000)
  to   space 30208K, 0% used [0x00000000e3a80000,0x00000000e3a80000,0x00000000e5800000)
 ParOldGen       total 131072K, used 56161K [0x0000000080000000, 0x0000000088000000, 0x00000000d5580000)
  object space 131072K, 42% used [0x0000000080000000,0x00000000836d86e8,0x0000000088000000)
 Metaspace       used 91468K, capacity 96116K, committed 96344K, reserved 1132544K
  class space    used 12151K, capacity 13075K, committed 13184K, reserved 1048576K
}
Event: 2108.369 GC heap before
{Heap before GC invocations=20 (full 3):
 PSYoungGen      total 260096K, used 260088K [0x00000000d5580000, 0x00000000e7580000, 0x0000000100000000)
  eden space 234496K, 100% used [0x00000000d5580000,0x00000000e3a80000,0x00000000e3a80000)
  from space 25600K, 99% used [0x00000000e5900000,0x00000000e71fe110,0x00000000e7200000)
  to   space 30208K, 0% used [0x00000000e3a80000,0x00000000e3a80000,0x00000000e5800000)
 ParOldGen       total 131072K, used 56161K [0x0000000080000000, 0x0000000088000000, 0x00000000d5580000)
  object space 131072K, 42% used [0x0000000080000000,0x00000000836d86e8,0x0000000088000000)
 Metaspace       used 92480K, capacity 97324K, committed 97624K, reserved 1134592K
  class space    used 12190K, capacity 13127K, committed 13184K, reserved 1048576K
Event: 2108.525 GC heap after
Heap after GC invocations=20 (full 3):
 PSYoungGen      total 233472K, used 6912K [0x00000000d5580000, 0x00000000e6c80000, 0x0000000100000000)
  eden space 226304K, 0% used [0x00000000d5580000,0x00000000d5580000,0x00000000e3280000)
  from space 7168K, 96% used [0x00000000e3a80000,0x00000000e4140020,0x00000000e4180000)
  to   space 29696K, 0% used [0x00000000e4f80000,0x00000000e4f80000,0x00000000e6c80000)
 ParOldGen       total 131072K, used 73895K [0x0000000080000000, 0x0000000088000000, 0x00000000d5580000)
  object space 131072K, 56% used [0x0000000080000000,0x0000000084829f28,0x0000000088000000)
 Metaspace       used 92480K, capacity 97324K, committed 97624K, reserved 1134592K
  class space    used 12190K, capacity 13127K, committed 13184K, reserved 1048576K
}
Event: 2109.557 GC heap before
{Heap before GC invocations=21 (full 3):
 PSYoungGen      total 233472K, used 46353K [0x00000000d5580000, 0x00000000e6c80000, 0x0000000100000000)
  eden space 226304K, 17% used [0x00000000d5580000,0x00000000d7c046a0,0x00000000e3280000)
  from space 7168K, 96% used [0x00000000e3a80000,0x00000000e4140020,0x00000000e4180000)
  to   space 29696K, 0% used [0x00000000e4f80000,0x00000000e4f80000,0x00000000e6c80000)
 ParOldGen       total 131072K, used 73895K [0x0000000080000000, 0x0000000088000000, 0x00000000d5580000)
  object space 131072K, 56% used [0x0000000080000000,0x0000000084829f28,0x0000000088000000)
 Metaspace       used 93518K, capacity 98326K, committed 98380K, reserved 1134592K
  class space    used 12326K, capacity 13308K, committed 13312K, reserved 1048576K
Event: 2109.587 GC heap after
Heap after GC invocations=21 (full 3):
 PSYoungGen      total 255488K, used 19402K [0x00000000d5580000, 0x00000000e8b80000, 0x0000000100000000)
  eden space 225792K, 0% used [0x00000000d5580000,0x00000000d5580000,0x00000000e3200000)
  from space 29696K, 65% used [0x00000000e4f80000,0x00000000e62729a8,0x00000000e6c80000)
  to   space 30208K, 0% used [0x00000000e3200000,0x00000000e3200000,0x00000000e4f80000)
 ParOldGen       total 131072K, used 73903K [0x0000000080000000, 0x0000000088000000, 0x00000000d5580000)
  object space 131072K, 56% used [0x0000000080000000,0x000000008482bf28,0x0000000088000000)
 Metaspace       used 93518K, capacity 98326K, committed 98380K, reserved 1134592K
  class space    used 12326K, capacity 13308K, committed 13312K, reserved 1048576K
}
Event: 2109.587 GC heap before
{Heap before GC invocations=22 (full 4):
 PSYoungGen      total 255488K, used 19402K [0x00000000d5580000, 0x00000000e8b80000, 0x0000000100000000)
  eden space 225792K, 0% used [0x00000000d5580000,0x00000000d5580000,0x00000000e3200000)
  from space 29696K, 65% used [0x00000000e4f80000,0x00000000e62729a8,0x00000000e6c80000)
  to   space 30208K, 0% used [0x00000000e3200000,0x00000000e3200000,0x00000000e4f80000)
 ParOldGen       total 131072K, used 73903K [0x0000000080000000, 0x0000000088000000, 0x00000000d5580000)
  object space 131072K, 56% used [0x0000000080000000,0x000000008482bf28,0x0000000088000000)
 Metaspace       used 93518K, capacity 98326K, committed 98380K, reserved 1134592K
  class space    used 12326K, capacity 13308K, committed 13312K, reserved 1048576K
Event: 2110.414 GC heap after
Heap after GC invocations=22 (full 4):
 PSYoungGen      total 255488K, used 0K [0x00000000d5580000, 0x00000000e8b80000, 0x0000000100000000)
  eden space 225792K, 0% used [0x00000000d5580000,0x00000000d5580000,0x00000000e3200000)
  from space 29696K, 0% used [0x00000000e4f80000,0x00000000e4f80000,0x00000000e6c80000)
  to   space 30208K, 0% used [0x00000000e3200000,0x00000000e3200000,0x00000000e4f80000)
 ParOldGen       total 198656K, used 57449K [0x0000000080000000, 0x000000008c200000, 0x00000000d5580000)
  object space 198656K, 28% used [0x0000000080000000,0x000000008381a530,0x000000008c200000)
 Metaspace       used 91928K, capacity 95392K, committed 98380K, reserved 1134592K
  class space    used 12017K, capacity 12745K, committed 13312K, reserved 1048576K
}

Deoptimization events (10 events):
Event: 2112.386 Thread 0x000000001f642000 Uncommon trap: reason=unstable_if action=reinterpret pc=0x00000000050207a4 method=com.sun.org.apache.xerces.internal.dom.ParentNode.nodeListItem(I)Lorg/w3c/dom/Node; @ 76
Event: 2112.386 Thread 0x000000001f642000 Uncommon trap: reason=unstable_if action=reinterpret pc=0x0000000005021bb8 method=com.sun.org.apache.xerces.internal.dom.ParentNode.nodeListItem(I)Lorg/w3c/dom/Node; @ 139
Event: 2112.406 Thread 0x000000001f642000 Uncommon trap: reason=bimorphic action=maybe_recompile pc=0x000000000503e728 method=com.sun.org.apache.xerces.internal.dom.ElementImpl.getAttributes()Lorg/w3c/dom/NamedNodeMap; @ 8
Event: 2112.408 Thread 0x000000001f642000 Uncommon trap: reason=bimorphic action=maybe_recompile pc=0x000000000503de34 method=com.android.ide.common.resources.NodeUtils.processSingleNodeNamespace(Lorg/w3c/dom/Node;Lorg/w3c/dom/Document;)Z @ 100
Event: 2112.420 Thread 0x000000001f642000 Uncommon trap: reason=bimorphic action=maybe_recompile pc=0x000000000503e728 method=com.sun.org.apache.xerces.internal.dom.ElementImpl.getAttributes()Lorg/w3c/dom/NamedNodeMap; @ 8
Event: 2112.420 Thread 0x000000001f642000 Uncommon trap: reason=bimorphic action=maybe_recompile pc=0x000000000503de34 method=com.android.ide.common.resources.NodeUtils.processSingleNodeNamespace(Lorg/w3c/dom/Node;Lorg/w3c/dom/Document;)Z @ 100
Event: 2112.421 Thread 0x000000001f642000 Uncommon trap: reason=bimorphic action=maybe_recompile pc=0x000000000503e728 method=com.sun.org.apache.xerces.internal.dom.ElementImpl.getAttributes()Lorg/w3c/dom/NamedNodeMap; @ 8
Event: 2112.421 Thread 0x000000001f642000 Uncommon trap: reason=bimorphic action=maybe_recompile pc=0x000000000503de34 method=com.android.ide.common.resources.NodeUtils.processSingleNodeNamespace(Lorg/w3c/dom/Node;Lorg/w3c/dom/Document;)Z @ 100
Event: 2112.421 Thread 0x000000001f642000 Uncommon trap: reason=bimorphic action=maybe_recompile pc=0x000000000503e728 method=com.sun.org.apache.xerces.internal.dom.ElementImpl.getAttributes()Lorg/w3c/dom/NamedNodeMap; @ 8
Event: 2112.421 Thread 0x000000001f642000 Uncommon trap: reason=bimorphic action=maybe_recompile pc=0x000000000503de34 method=com.android.ide.common.resources.NodeUtils.processSingleNodeNamespace(Lorg/w3c/dom/Node;Lorg/w3c/dom/Document;)Z @ 100

Classes redefined (0 events):
No events

Internal exceptions (10 events):
Event: 2110.497 Thread 0x000000001f642000 Implicit null exception at 0x0000000003fc7451 to 0x0000000003fcba16
Event: 2110.499 Thread 0x000000001f642000 Implicit null exception at 0x0000000003973791 to 0x00000000039739c1
Event: 2110.499 Thread 0x000000001f642000 Implicit null exception at 0x0000000003183811 to 0x0000000003183911
Event: 2110.509 Thread 0x000000001f642000 Implicit null exception at 0x000000000420e651 to 0x000000000420e891
Event: 2110.509 Thread 0x000000001f642000 Implicit null exception at 0x0000000002b3bd5d to 0x0000000002b3bf7d
Event: 2110.524 Thread 0x000000001f642000 Implicit null exception at 0x0000000004748769 to 0x000000000474d4fd
Event: 2110.532 Thread 0x000000001f642000 Implicit null exception at 0x0000000004e34635 to 0x0000000004e36a19
Event: 2110.532 Thread 0x000000001f642000 Implicit null exception at 0x0000000004e42f17 to 0x0000000004e454bd
Event: 2111.664 Thread 0x000000001f642000 Implicit null exception at 0x0000000005030917 to 0x0000000005030c75
Event: 2111.684 Thread 0x000000001f642000 Implicit null exception at 0x000000000336ab72 to 0x000000000336b355

Events (10 events):
Event: 2112.812 Thread 0x000000001f642000 DEOPT PACKING pc=0x000000000504721d sp=0x000000002c60a8b0
Event: 2112.812 Thread 0x000000001f642000 DEOPT UNPACKING pc=0x0000000002a575d0 sp=0x000000002c60a618 mode 0
Event: 2112.813 Thread 0x000000001f642000 DEOPT PACKING pc=0x0000000005048577 sp=0x000000002c60a8b0
Event: 2112.813 Thread 0x000000001f642000 DEOPT UNPACKING pc=0x0000000002a575d0 sp=0x000000002c60a618 mode 0
Event: 2112.814 Thread 0x000000001f642000 DEOPT PACKING pc=0x000000000504721d sp=0x000000002c60a8b0
Event: 2112.814 Thread 0x000000001f642000 DEOPT UNPACKING pc=0x0000000002a575d0 sp=0x000000002c60a618 mode 0
Event: 2112.814 Thread 0x000000001f642000 DEOPT PACKING pc=0x0000000005048577 sp=0x000000002c60a700
Event: 2112.814 Thread 0x000000001f642000 DEOPT UNPACKING pc=0x0000000002a575d0 sp=0x000000002c60a468 mode 0
Event: 2112.827 Thread 0x000000001f642000 DEOPT PACKING pc=0x0000000005048577 sp=0x000000002c60a8b0
Event: 2112.827 Thread 0x000000001f642000 DEOPT UNPACKING pc=0x0000000002a575d0 sp=0x000000002c60a618 mode 0


Dynamic libraries:
0x00007ff6e2720000 - 0x00007ff6e2751000 	C:\Program Files\Android\Android Studio\jre\bin\java.exe
0x00007fff13070000 - 0x00007fff13265000 	C:\WINDOWS\SYSTEM32\ntdll.dll
0x00007fff12630000 - 0x00007fff126ed000 	C:\WINDOWS\System32\KERNEL32.DLL
0x00007fff109e0000 - 0x00007fff10ca9000 	C:\WINDOWS\System32\KERNELBASE.dll
0x00007fff12f80000 - 0x00007fff1302c000 	C:\WINDOWS\System32\ADVAPI32.dll
0x00007fff12760000 - 0x00007fff127fe000 	C:\WINDOWS\System32\msvcrt.dll
0x00007fff11710000 - 0x00007fff117ac000 	C:\WINDOWS\System32\sechost.dll
0x00007fff11190000 - 0x00007fff112bb000 	C:\WINDOWS\System32\RPCRT4.dll
0x00007fff11560000 - 0x00007fff11700000 	C:\WINDOWS\System32\USER32.dll
0x00007fff10800000 - 0x00007fff10822000 	C:\WINDOWS\System32\win32u.dll
0x00007fff125a0000 - 0x00007fff125ca000 	C:\WINDOWS\System32\GDI32.dll
0x00007fff10db0000 - 0x00007fff10ebb000 	C:\WINDOWS\System32\gdi32full.dll
0x00007fff10cb0000 - 0x00007fff10d4d000 	C:\WINDOWS\System32\msvcp_win.dll
0x00007fff108b0000 - 0x00007fff109b0000 	C:\WINDOWS\System32\ucrtbase.dll
0x00007ffef79f0000 - 0x00007ffef7c8a000 	C:\WINDOWS\WinSxS\amd64_microsoft.windows.common-controls_6595b64144ccf1df_6.0.19041.844_none_ca00b6081b84eb1d\COMCTL32.dll
0x00007fff11f00000 - 0x00007fff11f30000 	C:\WINDOWS\System32\IMM32.DLL
0x0000000077660000 - 0x0000000077732000 	C:\Program Files\Android\Android Studio\jre\jre\bin\msvcr100.dll
0x0000000076d00000 - 0x000000007754b000 	C:\Program Files\Android\Android Studio\jre\jre\bin\server\jvm.dll
0x00007fff11550000 - 0x00007fff11558000 	C:\WINDOWS\System32\PSAPI.DLL
0x00007ffef43b0000 - 0x00007ffef43b9000 	C:\WINDOWS\SYSTEM32\WSOCK32.dll
0x00007fff126f0000 - 0x00007fff1275b000 	C:\WINDOWS\System32\WS2_32.dll
0x00007fff001a0000 - 0x00007fff001c7000 	C:\WINDOWS\SYSTEM32\WINMM.dll
0x00007fff02f50000 - 0x00007fff02f5a000 	C:\WINDOWS\SYSTEM32\VERSION.dll
0x00007fff0ae50000 - 0x00007fff0ae5f000 	C:\Program Files\Android\Android Studio\jre\jre\bin\verify.dll
0x00007ffeefb90000 - 0x00007ffeefbb9000 	C:\Program Files\Android\Android Studio\jre\jre\bin\java.dll
0x00007ffeefcb0000 - 0x00007ffeefcc6000 	C:\Program Files\Android\Android Studio\jre\jre\bin\zip.dll
0x00007fff117b0000 - 0x00007fff11ef2000 	C:\WINDOWS\System32\SHELL32.dll
0x00007fff0daa0000 - 0x00007fff0e230000 	C:\WINDOWS\SYSTEM32\windows.storage.dll
0x00007fff12800000 - 0x00007fff12b55000 	C:\WINDOWS\System32\combase.dll
0x00007fff10080000 - 0x00007fff100ac000 	C:\WINDOWS\SYSTEM32\Wldp.dll
0x00007fff12b60000 - 0x00007fff12c0e000 	C:\WINDOWS\System32\SHCORE.dll
0x00007fff110d0000 - 0x00007fff11125000 	C:\WINDOWS\System32\shlwapi.dll
0x00007fff106f0000 - 0x00007fff1070f000 	C:\WINDOWS\SYSTEM32\profapi.dll
0x00007ffeee940000 - 0x00007ffeee95a000 	C:\Program Files\Android\Android Studio\jre\jre\bin\net.dll
0x00007fff0fe70000 - 0x00007fff0feda000 	C:\WINDOWS\system32\mswsock.dll
0x00007ffeee8c0000 - 0x00007ffeee8d3000 	C:\Program Files\Android\Android Studio\jre\jre\bin\nio.dll
0x00007ffeefe60000 - 0x00007ffeefe87000 	C:\Users\Nikolay\.gradle\native\f6784746aeab05261644944871eae4fe03e0ef1612fff0a4a95f87b438bc6780\windows-amd64\native-platform.dll
0x00007fff0ae40000 - 0x00007fff0ae4d000 	C:\Program Files\Android\Android Studio\jre\jre\bin\management.dll
0x00007fff100c0000 - 0x00007fff100d8000 	C:\WINDOWS\SYSTEM32\CRYPTSP.dll
0x00007fff0f830000 - 0x00007fff0f864000 	C:\WINDOWS\system32\rsaenh.dll
0x00007fff109b0000 - 0x00007fff109d7000 	C:\WINDOWS\System32\bcrypt.dll
0x00007fff106b0000 - 0x00007fff106de000 	C:\WINDOWS\SYSTEM32\USERENV.dll
0x00007fff10830000 - 0x00007fff108b0000 	C:\WINDOWS\System32\bcryptprimitives.dll
0x00007fff0fff0000 - 0x00007fff0fffc000 	C:\WINDOWS\SYSTEM32\CRYPTBASE.dll
0x00007fff0fb80000 - 0x00007fff0fbbb000 	C:\WINDOWS\SYSTEM32\IPHLPAPI.DLL
0x00007fff11700000 - 0x00007fff11708000 	C:\WINDOWS\System32\NSI.dll
0x00007fff07470000 - 0x00007fff07487000 	C:\WINDOWS\SYSTEM32\dhcpcsvc6.DLL
0x00007fff07450000 - 0x00007fff0746d000 	C:\WINDOWS\SYSTEM32\dhcpcsvc.DLL
0x00007fff0fbc0000 - 0x00007fff0fc8b000 	C:\WINDOWS\SYSTEM32\DNSAPI.dll
0x00007fff07610000 - 0x00007fff0761b000 	C:\WINDOWS\SYSTEM32\WINNSI.DLL

VM Arguments:
jvm_args: -Xmx2048m -Dfile.encoding=UTF-8 -Duser.country=RU -Duser.language=ru -Duser.variant 
java_command: org.gradle.launcher.daemon.bootstrap.GradleDaemon 6.5
java_class_path (initial): C:\Users\Nikolay\.gradle\wrapper\dists\gradle-6.5-bin\6nifqtx7604sqp1q6g8wikw7p\gradle-6.5\lib\gradle-launcher-6.5.jar
Launcher Type: SUN_STANDARD

Environment Variables:
JAVA_HOME=C:\Program Files\Java\jdk-12.0.1
USERNAME=Nikolay
OS=Windows_NT
PROCESSOR_IDENTIFIER=Intel64 Family 6 Model 142 Stepping 9, GenuineIntel



---------------  S Y S T E M  ---------------

OS: Windows 10.0 , 64 bit Build 19041 (10.0.19041.804)

CPU:total 4 (initial active 4) (2 cores per cpu, 2 threads per core) family 6 model 142 stepping 9, cmov, cx8, fxsr, mmx, sse, sse2, sse3, ssse3, sse4.1, sse4.2, popcnt, avx, avx2, aes, clmul, erms, 3dnowpref, lzcnt, ht, tsc, tscinvbit, bmi1, bmi2, adx

Memory: 4k page, physical 8253672k(400968k free), swap 15593704k(4404k free)

vm_info: OpenJDK 64-Bit Server VM (25.242-b01) for windows-amd64 JRE (1.8.0_242-release-1644-b01), built by "builder" with MS VC++ 10.0 (VS2010)

time: Fri Apr 09 21:00:15 2021
timezone: RTZ 2 (зима)
elapsed time: 2113 seconds (0d 0h 35m 13s)

