#
# There is insufficient memory for the Java Runtime Environment to continue.
# Native memory allocation (malloc) failed to allocate 270576 bytes for Chunk::new
# Possible reasons:
#   The system is out of physical RAM or swap space
#   The process is running with CompressedOops enabled, and the Java Heap may be blocking the growth of the native heap
# Possible solutions:
#   Reduce memory load on the system
#   Increase physical memory or swap space
#   Check if swap backing store is full
#   Decrease Java heap size (-Xmx/-Xms)
#   Decrease number of Java threads
#   Decrease Java thread stack sizes (-Xss)
#   Set larger code cache with -XX:ReservedCodeCacheSize=
#   JVM is running with Unscaled Compressed Oops mode in which the Java heap is
#     placed in the first 4GB address space. The Java Heap base address is the
#     maximum limit for the native heap growth. Please use -XX:HeapBaseMinAddress
#     to set the Java Heap base and to place the Java Heap above 4GB virtual address.
# This output file may be truncated or incomplete.
#
#  Out of Memory Error (allocation.cpp:389), pid=3360, tid=0x0000000000001c48
#
# JRE version: OpenJDK Runtime Environment (8.0_242-b01) (build 1.8.0_242-release-1644-b01)
# Java VM: OpenJDK 64-Bit Server VM (25.242-b01 mixed mode windows-amd64 compressed oops)
# Failed to write core dump. Minidumps are not enabled by default on client versions of Windows
#

---------------  T H R E A D  ---------------

Current thread (0x000000001762e000):  JavaThread "C2 CompilerThread1" daemon [_thread_in_native, id=7240, stack(0x0000000018d80000,0x0000000018e80000)]

Stack: [0x0000000018d80000,0x0000000018e80000]
[error occurred during error reporting (printing stack bounds), id 0xc0000005]

Native frames: (J=compiled Java code, j=interpreted, Vv=VM code, C=native code)


Current CompileTask:
C2:  74080 12575       4       org.gradle.internal.logging.sink.OutputEventTransformer::onOutput (399 bytes)


---------------  P R O C E S S  ---------------

Java Threads: ( => current thread )
  0x000000001becd800 JavaThread "Cache worker for cache directory md-rule (C:\Users\Nikolay\.gradle\caches\6.5\md-rule)" [_thread_blocked, id=17372, stack(0x000000001fcc0000,0x000000001fdc0000)]
  0x000000001becf000 JavaThread "Cache worker for cache directory md-supplier (C:\Users\Nikolay\.gradle\caches\6.5\md-supplier)" [_thread_blocked, id=17644, stack(0x000000001f9c0000,0x000000001fac0000)]
  0x000000001beca800 JavaThread "Cache worker for checksums cache (C:\Users\Nikolay\Documents\Android\DevTestHH\.gradle\checksums)" [_thread_blocked, id=12992, stack(0x000000001d120000,0x000000001d220000)]
  0x000000001bed1800 JavaThread "Cache worker for file hash cache (C:\Users\Nikolay\Documents\Android\DevTestHH\.gradle\6.5\fileHashes)" [_thread_blocked, id=18084, stack(0x000000001d020000,0x000000001d120000)]
  0x000000001becb800 JavaThread "Thread-155" [_thread_blocked, id=13816, stack(0x000000001cf20000,0x000000001d020000)]
  0x000000001becd000 JavaThread "Stdin handler" [_thread_blocked, id=7880, stack(0x000000001cd20000,0x000000001ce20000)]
  0x000000001bed0000 JavaThread "Asynchronous log dispatcher for DefaultDaemonConnection: socket connection from /127.0.0.1:39868 to /127.0.0.1:40020" [_thread_blocked, id=5548, stack(0x000000001cc20000,0x000000001cd20000)]
  0x000000001beca000 JavaThread "Cancel handler" [_thread_blocked, id=2480, stack(0x0000000000d60000,0x0000000000e60000)]
  0x000000001bece800 JavaThread "Handler for socket connection from /127.0.0.1:39868 to /127.0.0.1:40020" [_thread_in_native, id=13848, stack(0x0000000000a40000,0x0000000000b40000)]
  0x000000002bc0e000 JavaThread "Cache worker for Java compile cache (C:\Users\Nikolay\.gradle\caches\6.5\javaCompile)" [_thread_blocked, id=13264, stack(0x000000002d6f0000,0x000000002d7f0000)]
  0x000000002bc06800 JavaThread "RMI TCP Connection(idle)" daemon [_thread_blocked, id=16676, stack(0x000000002d3f0000,0x000000002d4f0000)]
  0x000000002bc0d800 JavaThread "RMI Reaper" [_thread_blocked, id=14384, stack(0x000000002d2f0000,0x000000002d3f0000)]
  0x000000002bc08000 JavaThread "RMI TCP Accept-0" daemon [_thread_in_native, id=3748, stack(0x000000002d1f0000,0x000000002d2f0000)]
  0x000000002bc0b000 JavaThread "GC Daemon" daemon [_thread_blocked, id=14632, stack(0x000000002d0f0000,0x000000002d1f0000)]
  0x000000002bc09800 JavaThread "RMI Scheduler(0)" daemon [_thread_blocked, id=10084, stack(0x0000000000c40000,0x0000000000d40000)]
  0x000000001bed9000 JavaThread "Memory manager" [_thread_blocked, id=13196, stack(0x0000000029f80000,0x000000002a080000)]
  0x000000001b5b6000 JavaThread "Cache worker for file content cache (C:\Users\Nikolay\.gradle\caches\6.5\fileContent)" [_thread_blocked, id=12440, stack(0x0000000021a80000,0x0000000021b80000)]
  0x000000001b5bb800 JavaThread "Cache worker for execution history cache (C:\Users\Nikolay\.gradle\caches\6.5\executionHistory)" [_thread_blocked, id=17532, stack(0x000000001ffc0000,0x00000000200c0000)]
  0x000000001b5ba800 JavaThread "Cache worker for file hash cache (C:\Users\Nikolay\.gradle\caches\6.5\fileHashes)" [_thread_blocked, id=18224, stack(0x000000001d720000,0x000000001d820000)]
  0x000000001b5b7800 JavaThread "File lock request listener" [_thread_in_native, id=12424, stack(0x000000001d620000,0x000000001d720000)]
  0x000000001b5ba000 JavaThread "Cache worker for journal cache (C:\Users\Nikolay\.gradle\caches\journal-1)" [_thread_blocked, id=17784, stack(0x000000001d420000,0x000000001d520000)]
  0x000000001a06f000 JavaThread "Daemon worker" [_thread_in_Java, id=4596, stack(0x000000001ce20000,0x000000001cf20000)]
  0x000000001b26a000 JavaThread "Daemon" [_thread_blocked, id=640, stack(0x000000001cb20000,0x000000001cc20000)]
  0x000000001b244800 JavaThread "Daemon periodic checks" [_thread_blocked, id=13528, stack(0x000000001c820000,0x000000001c920000)]
  0x000000001b200800 JavaThread "Incoming local TCP Connector on port 39868" [_thread_in_native, id=13572, stack(0x000000001c5d0000,0x000000001c6d0000)]
  0x000000001b196800 JavaThread "Daemon health stats" [_thread_blocked, id=7848, stack(0x000000001bf90000,0x000000001c090000)]
  0x000000001767d800 JavaThread "Service Thread" daemon [_thread_blocked, id=17800, stack(0x0000000019380000,0x0000000019480000)]
  0x0000000017638000 JavaThread "C1 CompilerThread2" daemon [_thread_in_vm, id=5452, stack(0x0000000018e80000,0x0000000018f80000)]
=>0x000000001762e000 JavaThread "C2 CompilerThread1" daemon [_thread_in_native, id=7240, stack(0x0000000018d80000,0x0000000018e80000)]
  0x000000001762a000 JavaThread "C2 CompilerThread0" daemon [_thread_in_native, id=7028, stack(0x0000000018c80000,0x0000000018d80000)]
  0x0000000017628800 JavaThread "Attach Listener" daemon [_thread_blocked, id=5888, stack(0x0000000018b80000,0x0000000018c80000)]
  0x0000000017625800 JavaThread "Signal Dispatcher" daemon [_thread_blocked, id=10440, stack(0x0000000018a80000,0x0000000018b80000)]
  0x00000000029fc000 JavaThread "Finalizer" daemon [_thread_blocked, id=14100, stack(0x0000000018870000,0x0000000018970000)]
  0x0000000017609000 JavaThread "Reference Handler" daemon [_thread_blocked, id=14160, stack(0x0000000018770000,0x0000000018870000)]
  0x0000000002902800 JavaThread "main" [_thread_blocked, id=17296, stack(0x00000000027d0000,0x00000000028d0000)]

Other Threads:
  0x00000000175e7000 VMThread [stack: 0x0000000018670000,0x0000000018770000] [id=4576]
  0x000000001767e000 WatcherThread [stack: 0x0000000019480000,0x0000000019580000] [id=16044]

VM state:not at safepoint (normal execution)

VM Mutex/Monitor currently owned by a thread: None

heap address: 0x0000000080000000, size: 2048 MB, Compressed Oops mode: 32-bit
Narrow klass base: 0x0000000000000000, Narrow klass shift: 3
Compressed class space size: 1073741824 Address: 0x0000000100000000

Heap:
 PSYoungGen      total 293888K, used 22651K [0x00000000d5580000, 0x00000000ecb80000, 0x0000000100000000)
  eden space 263680K, 8% used [0x00000000d5580000,0x00000000d6b9ec70,0x00000000e5700000)
  from space 30208K, 0% used [0x00000000e5700000,0x00000000e5700000,0x00000000e7480000)
  to   space 30720K, 0% used [0x00000000ead80000,0x00000000ead80000,0x00000000ecb80000)
 ParOldGen       total 114688K, used 71531K [0x0000000080000000, 0x0000000087000000, 0x00000000d5580000)
  object space 114688K, 62% used [0x0000000080000000,0x00000000845daeb8,0x0000000087000000)
 Metaspace       used 93956K, capacity 98310K, committed 99368K, reserved 1134592K
  class space    used 12637K, capacity 13473K, committed 13744K, reserved 1048576K

Card table byte_map: [0x0000000011dc0000,0x00000000121d0000] byte_map_base: 0x00000000119c0000

Marking Bits: (ParMarkBitMap*) 0x000000005146f030
 Begin Bits: [0x0000000012880000, 0x0000000014880000)
 End Bits:   [0x0000000014880000, 0x0000000016880000)

Polling page: 0x0000000000f10000

CodeCache: size=245760Kb used=34019Kb max_used=34928Kb free=211740Kb
 bounds [0x0000000002a00000, 0x0000000004c70000, 0x0000000011a00000]
 total_blobs=11566 nmethods=10677 adapters=800
 compilation: enabled

Compilation events (10 events):
Event: 74.048 Thread 0x0000000017638000 12632       3       org.gradle.api.internal.artifacts.ivyservice.WritableArtifactCacheLockingManager$CacheLockingPersistentCache::lambda$get$0 (11 bytes)
Event: 74.048 Thread 0x0000000017638000 nmethod 12632 0x00000000049de1d0 code [0x00000000049de340, 0x00000000049de568]
Event: 74.048 Thread 0x0000000017638000 12622       3       org.gradle.api.internal.artifacts.ivyservice.resolveengine.graph.builder.ComponentState::tryResolveVirtualPlatform (92 bytes)
Event: 74.049 Thread 0x0000000017638000 nmethod 12622 0x0000000004662410 code [0x0000000004662660, 0x0000000004663518]
Event: 74.050 Thread 0x0000000017638000 12633       3       org.gradle.api.internal.artifacts.ivyservice.resolutionstrategy.DefaultCachePolicy::mustRefreshMissingModule (9 bytes)
Event: 74.050 Thread 0x0000000017638000 nmethod 12633 0x0000000004966c10 code [0x0000000004966da0, 0x0000000004967258]
Event: 74.051 Thread 0x000000001762a000 nmethod 12616 0x000000000433b5d0 code [0x000000000433b780, 0x000000000433be28]
Event: 74.051 Thread 0x000000001762a000 12612       4       com.esotericsoftware.kryo.io.Input::readUtf8Length (139 bytes)
Event: 74.052 Thread 0x000000001762a000 nmethod 12612 0x000000000479fc50 code [0x000000000479fd80, 0x000000000479fe78]
Event: 74.052 Thread 0x000000001762a000 12587   !   4       org.gradle.internal.event.DefaultListenerManager$EventBroadcast$ListenerDispatch::dispatch (55 bytes)

GC Heap History (10 events):
Event: 12.872 GC heap before
{Heap before GC invocations=15 (full 3):
 PSYoungGen      total 234496K, used 5636K [0x00000000d5580000, 0x00000000e5600000, 0x0000000100000000)
  eden space 215552K, 0% used [0x00000000d5580000,0x00000000d5580000,0x00000000e2800000)
  from space 18944K, 29% used [0x00000000e3a00000,0x00000000e3f811b0,0x00000000e4c80000)
  to   space 18432K, 0% used [0x00000000e2800000,0x00000000e2800000,0x00000000e3a00000)
 ParOldGen       total 75264K, used 42026K [0x0000000080000000, 0x0000000084980000, 0x00000000d5580000)
  object space 75264K, 55% used [0x0000000080000000,0x000000008290a830,0x0000000084980000)
 Metaspace       used 56853K, capacity 59064K, committed 59160K, reserved 1099776K
  class space    used 7678K, capacity 8149K, committed 8240K, reserved 1048576K
Event: 13.101 GC heap after
Heap after GC invocations=15 (full 3):
 PSYoungGen      total 234496K, used 0K [0x00000000d5580000, 0x00000000e5600000, 0x0000000100000000)
  eden space 215552K, 0% used [0x00000000d5580000,0x00000000d5580000,0x00000000e2800000)
  from space 18944K, 0% used [0x00000000e3a00000,0x00000000e3a00000,0x00000000e4c80000)
  to   space 18432K, 0% used [0x00000000e2800000,0x00000000e2800000,0x00000000e3a00000)
 ParOldGen       total 114688K, used 32869K [0x0000000080000000, 0x0000000087000000, 0x00000000d5580000)
  object space 114688K, 28% used [0x0000000080000000,0x0000000082019558,0x0000000087000000)
 Metaspace       used 56841K, capacity 59022K, committed 59160K, reserved 1099776K
  class space    used 7674K, capacity 8142K, committed 8240K, reserved 1048576K
}
Event: 17.238 GC heap before
{Heap before GC invocations=16 (full 3):
 PSYoungGen      total 234496K, used 215552K [0x00000000d5580000, 0x00000000e5600000, 0x0000000100000000)
  eden space 215552K, 100% used [0x00000000d5580000,0x00000000e2800000,0x00000000e2800000)
  from space 18944K, 0% used [0x00000000e3a00000,0x00000000e3a00000,0x00000000e4c80000)
  to   space 18432K, 0% used [0x00000000e2800000,0x00000000e2800000,0x00000000e3a00000)
 ParOldGen       total 114688K, used 32869K [0x0000000080000000, 0x0000000087000000, 0x00000000d5580000)
  object space 114688K, 28% used [0x0000000080000000,0x0000000082019558,0x0000000087000000)
 Metaspace       used 66018K, capacity 68836K, committed 69016K, reserved 1107968K
  class space    used 9029K, capacity 9573K, committed 9648K, reserved 1048576K
Event: 17.295 GC heap after
Heap after GC invocations=16 (full 3):
 PSYoungGen      total 233984K, used 18415K [0x00000000d5580000, 0x00000000e8980000, 0x0000000100000000)
  eden space 215552K, 0% used [0x00000000d5580000,0x00000000d5580000,0x00000000e2800000)
  from space 18432K, 99% used [0x00000000e2800000,0x00000000e39fbc88,0x00000000e3a00000)
  to   space 21504K, 0% used [0x00000000e7480000,0x00000000e7480000,0x00000000e8980000)
 ParOldGen       total 114688K, used 33995K [0x0000000080000000, 0x0000000087000000, 0x00000000d5580000)
  object space 114688K, 29% used [0x0000000080000000,0x0000000082132fb8,0x0000000087000000)
 Metaspace       used 66018K, capacity 68836K, committed 69016K, reserved 1107968K
  class space    used 9029K, capacity 9573K, committed 9648K, reserved 1048576K
}
Event: 47.744 GC heap before
{Heap before GC invocations=17 (full 3):
 PSYoungGen      total 233984K, used 233967K [0x00000000d5580000, 0x00000000e8980000, 0x0000000100000000)
  eden space 215552K, 100% used [0x00000000d5580000,0x00000000e2800000,0x00000000e2800000)
  from space 18432K, 99% used [0x00000000e2800000,0x00000000e39fbc88,0x00000000e3a00000)
  to   space 21504K, 0% used [0x00000000e7480000,0x00000000e7480000,0x00000000e8980000)
 ParOldGen       total 114688K, used 33995K [0x0000000080000000, 0x0000000087000000, 0x00000000d5580000)
  object space 114688K, 29% used [0x0000000080000000,0x0000000082132fb8,0x0000000087000000)
 Metaspace       used 78066K, capacity 81254K, committed 81432K, reserved 1120256K
  class space    used 10638K, capacity 11213K, committed 11312K, reserved 1048576K
Event: 47.797 GC heap after
Heap after GC invocations=17 (full 3):
 PSYoungGen      total 285184K, used 21493K [0x00000000d5580000, 0x00000000e9280000, 0x0000000100000000)
  eden space 263680K, 0% used [0x00000000d5580000,0x00000000d5580000,0x00000000e5700000)
  from space 21504K, 99% used [0x00000000e7480000,0x00000000e897d438,0x00000000e8980000)
  to   space 30208K, 0% used [0x00000000e5700000,0x00000000e5700000,0x00000000e7480000)
 ParOldGen       total 114688K, used 48526K [0x0000000080000000, 0x0000000087000000, 0x00000000d5580000)
  object space 114688K, 42% used [0x0000000080000000,0x0000000082f63b48,0x0000000087000000)
 Metaspace       used 78066K, capacity 81254K, committed 81432K, reserved 1120256K
  class space    used 10638K, capacity 11213K, committed 11312K, reserved 1048576K
}
Event: 53.110 GC heap before
{Heap before GC invocations=18 (full 3):
 PSYoungGen      total 285184K, used 280728K [0x00000000d5580000, 0x00000000e9280000, 0x0000000100000000)
  eden space 263680K, 98% used [0x00000000d5580000,0x00000000e52a8e40,0x00000000e5700000)
  from space 21504K, 99% used [0x00000000e7480000,0x00000000e897d438,0x00000000e8980000)
  to   space 30208K, 0% used [0x00000000e5700000,0x00000000e5700000,0x00000000e7480000)
 ParOldGen       total 114688K, used 48526K [0x0000000080000000, 0x0000000087000000, 0x00000000d5580000)
  object space 114688K, 42% used [0x0000000080000000,0x0000000082f63b48,0x0000000087000000)
 Metaspace       used 93717K, capacity 98412K, committed 98600K, reserved 1134592K
  class space    used 12698K, capacity 13622K, committed 13744K, reserved 1048576K
Event: 53.195 GC heap after
Heap after GC invocations=18 (full 3):
 PSYoungGen      total 293888K, used 18007K [0x00000000d5580000, 0x00000000ecb80000, 0x0000000100000000)
  eden space 263680K, 0% used [0x00000000d5580000,0x00000000d5580000,0x00000000e5700000)
  from space 30208K, 59% used [0x00000000e5700000,0x00000000e6895d58,0x00000000e7480000)
  to   space 30720K, 0% used [0x00000000ead80000,0x00000000ead80000,0x00000000ecb80000)
 ParOldGen       total 114688K, used 62935K [0x0000000080000000, 0x0000000087000000, 0x00000000d5580000)
  object space 114688K, 54% used [0x0000000080000000,0x0000000083d75d58,0x0000000087000000)
 Metaspace       used 93717K, capacity 98412K, committed 98600K, reserved 1134592K
  class space    used 12698K, capacity 13622K, committed 13744K, reserved 1048576K
}
Event: 53.195 GC heap before
{Heap before GC invocations=19 (full 4):
 PSYoungGen      total 293888K, used 18007K [0x00000000d5580000, 0x00000000ecb80000, 0x0000000100000000)
  eden space 263680K, 0% used [0x00000000d5580000,0x00000000d5580000,0x00000000e5700000)
  from space 30208K, 59% used [0x00000000e5700000,0x00000000e6895d58,0x00000000e7480000)
  to   space 30720K, 0% used [0x00000000ead80000,0x00000000ead80000,0x00000000ecb80000)
 ParOldGen       total 114688K, used 62935K [0x0000000080000000, 0x0000000087000000, 0x00000000d5580000)
  object space 114688K, 54% used [0x0000000080000000,0x0000000083d75d58,0x0000000087000000)
 Metaspace       used 93717K, capacity 98412K, committed 98600K, reserved 1134592K
  class space    used 12698K, capacity 13622K, committed 13744K, reserved 1048576K
Event: 53.645 GC heap after
Heap after GC invocations=19 (full 4):
 PSYoungGen      total 293888K, used 0K [0x00000000d5580000, 0x00000000ecb80000, 0x0000000100000000)
  eden space 263680K, 0% used [0x00000000d5580000,0x00000000d5580000,0x00000000e5700000)
  from space 30208K, 0% used [0x00000000e5700000,0x00000000e5700000,0x00000000e7480000)
  to   space 30720K, 0% used [0x00000000ead80000,0x00000000ead80000,0x00000000ecb80000)
 ParOldGen       total 114688K, used 71531K [0x0000000080000000, 0x0000000087000000, 0x00000000d5580000)
  object space 114688K, 62% used [0x0000000080000000,0x00000000845daeb8,0x0000000087000000)
 Metaspace       used 93415K, capacity 97660K, committed 98600K, reserved 1134592K
  class space    used 12592K, capacity 13434K, committed 13744K, reserved 1048576K
}

Deoptimization events (10 events):
Event: 53.648 Thread 0x0000000017609000 Uncommon trap: reason=unstable_if action=reinterpret pc=0x00000000039e73f8 method=java.lang.ref.Reference.tryHandlePending(Z)Z @ 20
Event: 73.920 Thread 0x000000001b26a000 Uncommon trap: reason=unstable_if action=reinterpret pc=0x0000000004c53d84 method=org.gradle.internal.logging.sink.LogEventDispatcher.onOutput(Lorg/gradle/internal/logging/events/OutputEvent;)V @ 35
Event: 73.937 Thread 0x000000001a06f000 Uncommon trap: reason=unstable_if action=reinterpret pc=0x000000000434f164 method=org.gradle.cache.internal.DefaultCrossBuildInMemoryCacheFactory$AbstractCrossBuildInMemoryCache.getIfPresent(Ljava/lang/Object;)Ljava/lang/Object; @ 24
Event: 73.943 Thread 0x000000001a06f000 Uncommon trap: reason=bimorphic action=maybe_recompile pc=0x00000000042858e8 method=com.google.common.collect.ImmutableSet.copyOf(Ljava/util/Collection;)Lcom/google/common/collect/ImmutableSet; @ 29
Event: 73.943 Thread 0x000000001a06f000 Uncommon trap: reason=bimorphic action=maybe_recompile pc=0x00000000042858e8 method=com.google.common.collect.ImmutableSet.copyOf(Ljava/util/Collection;)Lcom/google/common/collect/ImmutableSet; @ 29
Event: 73.945 Thread 0x000000001a06f000 Uncommon trap: reason=unstable_if action=reinterpret pc=0x0000000003f821c4 method=org.gradle.tooling.internal.provider.runner.SubtreeFilteringBuildOperationListener.started(Lorg/gradle/internal/operations/BuildOperationDescriptor;Lorg/gradle/internal/oper
Event: 73.982 Thread 0x000000001a06f000 Uncommon trap: reason=bimorphic action=maybe_recompile pc=0x0000000004128c10 method=com.google.common.cache.LocalCache$Segment.getLiveValue(Lcom/google/common/cache/ReferenceEntry;J)Ljava/lang/Object; @ 21
Event: 73.988 Thread 0x000000001a06f000 Uncommon trap: reason=unstable_if action=reinterpret pc=0x00000000045ddfc0 method=com.google.common.collect.MapMakerInternalMap$Segment.getEntry(Ljava/lang/Object;I)Lcom/google/common/collect/MapMakerInternalMap$InternalEntry; @ 4
Event: 73.991 Thread 0x000000001a06f000 Uncommon trap: reason=unstable_if action=reinterpret pc=0x00000000044d1940 method=java.util.concurrent.ConcurrentHashMap.computeIfAbsent(Ljava/lang/Object;Ljava/util/function/Function;)Ljava/lang/Object; @ 123
Event: 73.993 Thread 0x000000001a06f000 Uncommon trap: reason=unstable_if action=reinterpret pc=0x000000000460d544 method=com.google.common.collect.MapMakerInternalMap$Segment.getEntry(Ljava/lang/Object;I)Lcom/google/common/collect/MapMakerInternalMap$InternalEntry; @ 4

Classes redefined (0 events):
No events

Internal exceptions (10 events):
Event: 51.631 Thread 0x000000001de7c800 Implicit null exception at 0x00000000033aeaef to 0x00000000033aebe1
Event: 51.954 Thread 0x000000001de7c800 Exception <a 'sun/nio/fs/WindowsException'> (0x00000000e20c9720) thrown at [C:\src\AOSP-openjdk-git\hotspot\src\share\vm\prims\jni.cpp, line 710]
Event: 52.014 Thread 0x000000001bed3000 Exception <a 'java/lang/NoSuchMethodError': java.lang.Object.lambda$comparingByKey$bbdbfea9$1(Ljava/util/Map$Entry;Ljava/util/Map$Entry;)I> (0x00000000dfeb1338) thrown at [C:\src\AOSP-openjdk-git\hotspot\src\share\vm\interpreter\linkResolver.cpp, line 620
Event: 52.219 Thread 0x000000001bed3000 Exception <a 'java/lang/NoSuchMethodError': <clinit>> (0x00000000e28f8448) thrown at [C:\src\AOSP-openjdk-git\hotspot\src\share\vm\prims\jni.cpp, line 1615]
Event: 52.257 Thread 0x000000002bc12800 Exception <a 'java/lang/NoSuchMethodError': java.lang.Object.lambda$asRunnable$0(Lcom/android/tools/build/apkzlib/utils/IOExceptionRunnable;)V> (0x00000000e2b7e030) thrown at [C:\src\AOSP-openjdk-git\hotspot\src\share\vm\interpreter\linkResolver.cpp, line
Event: 52.300 Thread 0x000000002bc12800 Exception <a 'java/lang/NoSuchMethodError': java.lang.Object.newSystemTemporaryDirectory()Lcom/android/tools/build/apkzlib/bytestorage/TemporaryDirectory;> (0x00000000e2cca8f0) thrown at [C:\src\AOSP-openjdk-git\hotspot\src\share\vm\interpreter\linkResolv
Event: 52.416 Thread 0x000000002bc12800 Exception <a 'java/lang/NoSuchMethodError': java.lang.Object.lambda$static$0(Lcom/android/apksig/util/RunnablesProvider;)V> (0x00000000e3013768) thrown at [C:\src\AOSP-openjdk-git\hotspot\src\share\vm\interpreter\linkResolver.cpp, line 620]
Event: 52.738 Thread 0x000000001a06f000 Implicit null exception at 0x0000000003f10fac to 0x0000000003f10ff5
Event: 52.991 Thread 0x000000001a06f000 Implicit null exception at 0x0000000004333017 to 0x00000000043333dd
Event: 73.945 Thread 0x000000001a06f000 Implicit null exception at 0x0000000003f817be to 0x0000000003f821a8

Events (10 events):
Event: 73.988 Thread 0x000000001a06f000 DEOPT PACKING pc=0x00000000045ddfc0 sp=0x000000001cf1b9f0
Event: 73.988 Thread 0x000000001a06f000 DEOPT UNPACKING pc=0x0000000002a4557b sp=0x000000001cf1b848 mode 2
Event: 73.990 Thread 0x000000001a06f000 Uncommon trap: trap_request=0xffffff65 fr.pc=0x00000000044d1940
Event: 73.990 Executing VM operation: RevokeBias
Event: 73.991 Executing VM operation: RevokeBias done
Event: 73.991 Thread 0x000000001a06f000 DEOPT PACKING pc=0x00000000044d1940 sp=0x000000001cf1bae0
Event: 73.991 Thread 0x000000001a06f000 DEOPT UNPACKING pc=0x0000000002a4557b sp=0x000000001cf1ba68 mode 2
Event: 73.993 Thread 0x000000001a06f000 Uncommon trap: trap_request=0xffffff65 fr.pc=0x000000000460d544
Event: 73.993 Thread 0x000000001a06f000 DEOPT PACKING pc=0x000000000460d544 sp=0x000000001cf1b950
Event: 73.993 Thread 0x000000001a06f000 DEOPT UNPACKING pc=0x0000000002a4557b sp=0x000000001cf1b810 mode 2


Dynamic libraries:
0x00007ff7b2d60000 - 0x00007ff7b2d91000 	C:\Program Files\Android\Android Studio\jre\bin\java.exe
0x00007ffcb0ed0000 - 0x00007ffcb10c5000 	C:\WINDOWS\SYSTEM32\ntdll.dll
0x00007ffcaf340000 - 0x00007ffcaf3fd000 	C:\WINDOWS\System32\KERNEL32.DLL
0x00007ffcae6c0000 - 0x00007ffcae989000 	C:\WINDOWS\System32\KERNELBASE.dll
0x00007ffcaf620000 - 0x00007ffcaf6cc000 	C:\WINDOWS\System32\ADVAPI32.dll
0x00007ffcafe20000 - 0x00007ffcafebe000 	C:\WINDOWS\System32\msvcrt.dll
0x00007ffcb09d0000 - 0x00007ffcb0a6c000 	C:\WINDOWS\System32\sechost.dll
0x00007ffcaf810000 - 0x00007ffcaf93b000 	C:\WINDOWS\System32\RPCRT4.dll
0x00007ffcaefe0000 - 0x00007ffcaf180000 	C:\WINDOWS\System32\USER32.dll
0x00007ffcae660000 - 0x00007ffcae682000 	C:\WINDOWS\System32\win32u.dll
0x00007ffcb0940000 - 0x00007ffcb096a000 	C:\WINDOWS\System32\GDI32.dll
0x00007ffcaea40000 - 0x00007ffcaeb4b000 	C:\WINDOWS\System32\gdi32full.dll
0x00007ffcaeb50000 - 0x00007ffcaebed000 	C:\WINDOWS\System32\msvcp_win.dll
0x00007ffcaebf0000 - 0x00007ffcaecf0000 	C:\WINDOWS\System32\ucrtbase.dll
0x00007ffc99e00000 - 0x00007ffc9a09a000 	C:\WINDOWS\WinSxS\amd64_microsoft.windows.common-controls_6595b64144ccf1df_6.0.19041.844_none_ca00b6081b84eb1d\COMCTL32.dll
0x00007ffcb0e50000 - 0x00007ffcb0e80000 	C:\WINDOWS\System32\IMM32.DLL
0x0000000050ae0000 - 0x0000000050bb2000 	C:\Program Files\Android\Android Studio\jre\jre\bin\msvcr100.dll
0x0000000050ca0000 - 0x00000000514eb000 	C:\Program Files\Android\Android Studio\jre\jre\bin\server\jvm.dll
0x00007ffcaf610000 - 0x00007ffcaf618000 	C:\WINDOWS\System32\PSAPI.DLL
0x00007ffc95e30000 - 0x00007ffc95e39000 	C:\WINDOWS\SYSTEM32\WSOCK32.dll
0x00007ffcaf940000 - 0x00007ffcaf9ab000 	C:\WINDOWS\System32\WS2_32.dll
0x00007ffc9f270000 - 0x00007ffc9f297000 	C:\WINDOWS\SYSTEM32\WINMM.dll
0x00007ffc9f2f0000 - 0x00007ffc9f2fa000 	C:\WINDOWS\SYSTEM32\VERSION.dll
0x00007ffcab410000 - 0x00007ffcab41f000 	C:\Program Files\Android\Android Studio\jre\jre\bin\verify.dll
0x00007ffcab050000 - 0x00007ffcab079000 	C:\Program Files\Android\Android Studio\jre\jre\bin\java.dll
0x00007ffca6f10000 - 0x00007ffca6f26000 	C:\Program Files\Android\Android Studio\jre\jre\bin\zip.dll
0x00007ffcaffe0000 - 0x00007ffcb0722000 	C:\WINDOWS\System32\SHELL32.dll
0x00007ffcac250000 - 0x00007ffcac9e0000 	C:\WINDOWS\SYSTEM32\windows.storage.dll
0x00007ffcb0af0000 - 0x00007ffcb0e45000 	C:\WINDOWS\System32\combase.dll
0x00007ffcadee0000 - 0x00007ffcadf0c000 	C:\WINDOWS\SYSTEM32\Wldp.dll
0x00007ffcaf290000 - 0x00007ffcaf33e000 	C:\WINDOWS\System32\SHCORE.dll
0x00007ffcb0970000 - 0x00007ffcb09c5000 	C:\WINDOWS\System32\shlwapi.dll
0x00007ffcae550000 - 0x00007ffcae56f000 	C:\WINDOWS\SYSTEM32\profapi.dll
0x00007ffc96fc0000 - 0x00007ffc96fda000 	C:\Program Files\Android\Android Studio\jre\jre\bin\net.dll
0x00007ffcadcd0000 - 0x00007ffcadd3a000 	C:\WINDOWS\system32\mswsock.dll
0x00007ffc96fa0000 - 0x00007ffc96fb3000 	C:\Program Files\Android\Android Studio\jre\jre\bin\nio.dll
0x00007ffca5db0000 - 0x00007ffca5dd7000 	C:\Users\Nikolay\.gradle\native\f6784746aeab05261644944871eae4fe03e0ef1612fff0a4a95f87b438bc6780\windows-amd64\native-platform.dll
0x00007ffcab430000 - 0x00007ffcab43d000 	C:\Program Files\Android\Android Studio\jre\jre\bin\management.dll
0x00007ffcadf20000 - 0x00007ffcadf38000 	C:\WINDOWS\SYSTEM32\CRYPTSP.dll
0x00007ffcad690000 - 0x00007ffcad6c4000 	C:\WINDOWS\system32\rsaenh.dll
0x00007ffcae690000 - 0x00007ffcae6b7000 	C:\WINDOWS\System32\bcrypt.dll
0x00007ffcae4d0000 - 0x00007ffcae4fe000 	C:\WINDOWS\SYSTEM32\USERENV.dll
0x00007ffcaeeb0000 - 0x00007ffcaef30000 	C:\WINDOWS\System32\bcryptprimitives.dll
0x00007ffcade50000 - 0x00007ffcade5c000 	C:\WINDOWS\SYSTEM32\CRYPTBASE.dll
0x00007ffcad9e0000 - 0x00007ffcada1b000 	C:\WINDOWS\SYSTEM32\IPHLPAPI.DLL
0x00007ffcb0e80000 - 0x00007ffcb0e88000 	C:\WINDOWS\System32\NSI.dll
0x00007ffca6010000 - 0x00007ffca6027000 	C:\WINDOWS\SYSTEM32\dhcpcsvc6.DLL
0x00007ffca5ff0000 - 0x00007ffca600d000 	C:\WINDOWS\SYSTEM32\dhcpcsvc.DLL
0x00007ffcada20000 - 0x00007ffcadaeb000 	C:\WINDOWS\SYSTEM32\DNSAPI.dll
0x00007ffca6090000 - 0x00007ffca609b000 	C:\WINDOWS\SYSTEM32\WINNSI.DLL
0x00007ffc96e60000 - 0x00007ffc96e7e000 	C:\Users\Nikolay\AppData\Local\Temp\native-platform2670535092900709430dir\native-platform.dll

VM Arguments:
jvm_args: -Xmx2048m -Dfile.encoding=UTF-8 -Duser.country=RU -Duser.language=ru -Duser.variant 
java_command: org.gradle.launcher.daemon.bootstrap.GradleDaemon 6.5
java_class_path (initial): C:\Users\Nikolay\.gradle\wrapper\dists\gradle-6.5-all\2oz4ud9k3tuxjg84bbf55q0tn\gradle-6.5\lib\gradle-launcher-6.5.jar
Launcher Type: SUN_STANDARD

Environment Variables:
JAVA_HOME=C:\Program Files\Java\jdk-12.0.1
USERNAME=Nikolay
OS=Windows_NT
PROCESSOR_IDENTIFIER=Intel64 Family 6 Model 142 Stepping 9, GenuineIntel



---------------  S Y S T E M  ---------------

OS: Windows 10.0 , 64 bit Build 19041 (10.0.19041.804)

CPU:total 4 (initial active 4) (2 cores per cpu, 2 threads per core) family 6 model 142 stepping 9, cmov, cx8, fxsr, mmx, sse, sse2, sse3, ssse3, sse4.1, sse4.2, popcnt, avx, avx2, aes, clmul, erms, 3dnowpref, lzcnt, ht, tsc, tscinvbit, bmi1, bmi2, adx

Memory: 4k page, physical 8253672k(1040148k free), swap 15593704k(5292k free)

vm_info: OpenJDK 64-Bit Server VM (25.242-b01) for windows-amd64 JRE (1.8.0_242-release-1644-b01), built by "builder" with MS VC++ 10.0 (VS2010)

time: Wed Apr 14 01:12:17 2021
timezone: RTZ 2 (зима)
elapsed time: 74 seconds (0d 0h 1m 14s)

